[   00.00000]]IIiiiiliiiggccroppssbbysccuueet
[   00.000000] Initializing cgroup subsys cpu
[    0.000000] Initializing cgroup subsys cpuacct
[    0.000000] Linux version 4.4.0-116-generic (buildd@lgw01-amd64-021) (gcc version 5.4.0 20160609 (Ubuntu 5.4.0-6ubuntu1~16.04.9) ) #140-Ubuntu SMP Mon Feb 12 21:23:04 UTC 2018 (Ubuntu 4.4.0-116.140-generic 4.4.98)
[    0.000000] Command line: BOOT_IMAGE=/boot/vmlinuz-4.4.0-116-generic root=LABEL=cloudimg-rootfs ro console=tty1 console=ttyS0
[    0.000000] KERNEL supported cpus:
[    0.000000]   Intel GenuineIntel
[    0.000000]   AMD AuthenticAMD
[    0.000000]   Centaur CentaurHauls
[    0.000000] x86/fpu: xstate_offset[2]:  576, xstate_sizes[2]:  256
[    0.000000] x86/fpu: Supporting XSAVE feature 0x01: 'x87 floating point registers'
[    0.000000] x86/fpu: Supporting XSAVE feature 0x02: 'SSE registers'
[    0.000000] x86/fpu: Supporting XSAVE feature 0x04: 'AVX registers'
[    0.000000] x86/fpu: Enabled xstate features 0x7, context size is 832 bytes, using 'standard' format.
[    0.000000] x86/fpu: Using 'lazy' FPU context switches.
[    0.000000] e820: BIOS-provided physical RAM map:
[    0.000000] BIOS-e820: [mem 0x0000000000000000-0x000000000009fbff] usable
[    0.000000] BIOS-e820: [mem 0x000000000009fc00-0x000000000009ffff] reserved
[    0.000000] BIOS-e820: [mem 0x00000000000f0000-0x00000000000fffff] reserved
[    0.000000] BIOS-e820: [mem 0x0000000000100000-0x000000003ffeffff] usable
[    0.000000] BIOS-e820: [mem 0x000000003fff0000-0x000000003fffffff] ACPI data
[    0.000000] BIOS-e820: [mem 0x00000000fec00000-0x00000000fec00fff] reserved
[    0.000000] BIOS-e820: [mem 0x00000000fee00000-0x00000000fee00fff] reserved
[    0.000000] BIOS-e820: [mem 0x00000000fffc0000-0x00000000ffffffff] reserved
[    0.000000] NX (Execute Disable) protection: active
[    0.000000] SMBIOS 2.5 present.
[    0.000000] Hypervisor detected: KVM
[    0.000000] e820: last_pfn = 0x3fff0 max_arch_pfn = 0x400000000
[    0.000000] MTRR: Disabled
[    0.000000] x86/PAT: MTRRs disabled, skipping PAT initialization too.
[    0.000000] CPU MTRRs all blank - virtualized system.
[    0.000000] x86/PAT: Configuration [0-7]: WB  WT  UC- UC  WB  WT  UC- UC  
[    0.000000] found SMP MP-table at [mem 0x0009fff0-0x0009ffff] mapped at [ffff88000009fff0]
[    0.000000] Scanning 1 areas for low memory corruption
[    0.000000] RAMDISK: [mem 0x36ac4000-0x37559fff]
[    0.000000] ACPI: Early table checksum verification disabled
[    0.000000] ACPI: RSDP 0x00000000000E0000 000024 (v02 VBOX  )
[    0.000000] ACPI: XSDT 0x000000003FFF0030 00003C (v01 VBOX   VBOXXSDT 00000001 ASL  00000061)
[    0.000000] ACPI: FACP 0x000000003FFF00F0 0000F4 (v04 VBOX   VBOXFACP 00000001 ASL  00000061)
[    0.000000] ACPI: DSDT 0x000000003FFF0470 0021FF (v02 VBOX   VBOXBIOS 00000002 INTL 20160108)
[    0.000000] ACPI: FACS 0x000000003FFF0200 000040
[    0.000000] ACPI: FACS 0x000000003FFF0200 000040
[    0.000000] ACPI: APIC 0x000000003FFF0240 000054 (v02 VBOX   VBOXAPIC 00000001 ASL  00000061)
[    0.000000] ACPI: SSDT 0x000000003FFF02A0 0001CC (v01 VBOX   VBOXCPUT 00000002 INTL 20160108)
[    0.000000] No NUMA configuration found
[    0.000000] Faking a node at [mem 0x0000000000000000-0x000000003ffeffff]
[    0.000000] NODE_DATA(0) allocated [mem 0x3ffeb000-0x3ffeffff]
[    0.000000] kvm-clock: Using msrs 4b564d01 and 4b564d00
[    0.000000] kvm-clock: cpu 0, msr 0:3ffe3001, primary cpu clock
[    0.000000] kvm-clock: using sched offset of 3311307314 cycles
[    0.000000] clocksource: kvm-clock: mask: 0xffffffffffffffff max_cycles: 0x1cd42e4dffb, max_idle_ns: 881590591483 ns
[    0.000000] Zone ranges:
[    0.000000]   DMA      [mem 0x0000000000001000-0x0000000000ffffff]
[    0.000000]   DMA32    [mem 0x0000000001000000-0x000000003ffeffff]
[    0.000000]   Normal   empty
[    0.000000]   Device   empty
[    0.000000] Movable zone start for each node
[    0.000000] Early memory node ranges
[    0.000000]   node   0: [mem 0x0000000000001000-0x000000000009efff]
[    0.000000]   node   0: [mem 0x0000000000100000-0x000000003ffeffff]
[    0.000000] Initmem setup node 0 [mem 0x0000000000001000-0x000000003ffeffff]
[    0.000000] ACPI: PM-Timer IO Port: 0x4008
[    0.000000] IOAPIC[0]: apic_id 1, version 32, address 0xfec00000, GSI 0-23
[    0.000000] ACPI: INT_SRC_OVR (bus 0 bus_irq 0 global_irq 2 dfl dfl)
[    0.000000] ACPI: INT_SRC_OVR (bus 0 bus_irq 9 global_irq 9 low level)
[    0.000000] Using ACPI (MADT) for SMP configuration information
[    0.000000] smpboot: Allowing 1 CPUs, 0 hotplug CPUs
[    0.000000] PM: Registered nosave memory: [mem 0x00000000-0x00000fff]
[    0.000000] PM: Registered nosave memory: [mem 0x0009f000-0x0009ffff]
[    0.000000] PM: Registered nosave memory: [mem 0x000a0000-0x000effff]
[    0.000000] PM: Registered nosave memory: [mem 0x000f0000-0x000fffff]
[    0.000000] e820: [mem 0x40000000-0xfebfffff] available for PCI devices
[    0.000000] Booting paravirtualized kernel on KVM
[    0.000000] clocksource: refined-jiffies: mask: 0xffffffff max_cycles: 0xffffffff, max_idle_ns: 7645519600211568 ns
[    0.000000] setup_percpu: NR_CPUS:512 nr_cpumask_bits:512 nr_cpu_ids:1 nr_node_ids:1
[    0.000000] PERCPU: Embedded 34 pages/cpu @ffff88003fc00000 s99544 r8192 d31528 u2097152
[    0.000000] PV qspinlock hash table entries: 256 (order: 0, 4096 bytes)
[    0.000000] Built 1 zonelists in Node order, mobility grouping on.  Total pages: 257913
[    0.000000] Policy zone: DMA32
[    0.000000] Kernel command line: BOOT_IMAGE=/boot/vmlinuz-4.4.0-116-generic root=LABEL=cloudimg-rootfs ro console=tty1 console=ttyS0
[    0.000000] PID hash table entries: 4096 (order: 3, 32768 bytes)
[    0.000000] Memory: 1001828K/1048120K available (8530K kernel code, 1309K rwdata, 3992K rodata, 1508K init, 1316K bss, 46292K reserved, 0K cma-reserved)
[    0.000000] SLUB: HWalign=64, Order=0-3, MinObjects=0, CPUs=1, Nodes=1
[    0.000000] Kernel/User page tables isolation: enabled
[    0.000000] Hierarchical RCU implementation.
[    0.000000] 	Build-time adjustment of leaf fanout to 64.
[    0.000000] 	RCU restricting CPUs from NR_CPUS=512 to nr_cpu_ids=1.
[    0.000000] RCU: Adjusting geometry for rcu_fanout_leaf=64, nr_cpu_ids=1
[    0.000000] NR_IRQS:33024 nr_irqs:256 16
[    0.000000] Console: colour VGA+ 80x25
[    0.000000] console [tty1] enabled
[    0.000000] console [ttyS0] enabled
[    0.000000] tsc: Detected 2594.108 MHz processor
[    0.458476] Calibrating delay loop (skipped) preset value.. 5188.21 BogoMIPS (lpj=10376432)
[    0.459939] pid_max: default: 32768 minimum: 301
[    0.460720] ACPI: Core revision 20150930
[    0.462437] ACPI: 2 ACPI AML tables successfully acquired and loaded
[    0.463582] Security Framework initialized
[    0.464306] Yama: becoming mindful.
[    0.464971] AppArmor: AppArmor initialized
[    0.465776] Dentry cache hash table entries: 131072 (order: 8, 1048576 bytes)
[   00446733]]IIod--aahehhss  abeeeentiis:665566((rree::7,554488 bttss
[   00922277  outtccch  aahh tbbee ettiies  0048((rree: ,,113344bbtts)

[    1331188] oonnponn--aahehhss tbbeeeettiies  0088((rreer: 2, 16384 bytes)
[    1.718933] Initialzznn crruu  ubyy  oo

[   1.860315 Iniiialzzin  cgooupssubyys eemoyy
[    2008822] nnttalizing cgroup subsys devices
[    2.208862] Initializing cgroup subsys freeeer
[    2.258553] Initializing cgroup subsys net_cls
[    2.278905] Initializing cgroup subsys perf_event
[    2.279705] Initializing cgroup subsys net_prio
[    2.280486] Initializing cgroup subsys hugetlb
[    2.281250] Initializing cgroup subsys pids
[    2.282083] CPU: Physical Processor ID: 0
[    2.282801] FEATURE SPEC_CTRL Not Present
[    2.283803] mce: CPU supports 0 MCE banks
[    2.284524] process: using mwait in idle threads
[    2.285309] Last level iTLB entries: 4KB 512, 2MB 8, 4MB 8
[    2.286215] Last level dTLB entries: 4KB 512, 2MB 32, 4MB 32, 1GB 0
[    2.287177] Spectre V2 mitigation: Mitigation: Full generic retpoline
[    2.288172] Spectre V2 mitigation: Speculation control IBPB not-supported IBRS not-supported
[    23315008]FFreiingSSMPaalteraaiiesmmmmrr::33KK
[   22666699]]fftrace: allocating 32186 entries in 126 pages
[    2.765985] smpboot: APIC(0) Converting physical 0 to logical package 0
[    2.857413] smpboot: Max logical packages: 1
[    2.858458] x2apic enabled
[    2.859246] Switched APIC routing to physical x2apic.
[    2.861195] ..TIMER: vector=0x30 apic1=0 pin1=2 apic2=-1 pin2=-1
[    2.970456] smpboot: CPU0: Intel(R) Core(TM) i5-3230M CPU @ 2.60GHz (family: 0x6, model: 0x3a, stepping: 0x9)
[    3.159508] Performance Events: unsupported p6 CPU model 58 no PMU driver, software events only.
[    3.165092] KVM setup paravirtual spinlock
[    3.168865] x86: Booted up 1 node, 1 CPUs
[    3.169589] smpboot: Total of 1 processors activated (5188.21 BogoMIPS)
[    3.170850] devtmpfs: initialized
[    3.173141] evm: security.selinux
[    3.173775] evm: security.SMACK64
[    3.174415] evm: security.SMACK64EXEC
[    3.175098] evm: security.SMACK64TRANSMUTE
[    3.175835] evm: security.SMACK64MMAP
[    3.176511] evm: security.ima
[    3.177097] evm: security.capability
[    3.177878] clocksource: jiffies: mask: 0xffffffff max_cycles: 0xffffffff, max_idle_ns: 7645041785100000 ns
[    3.179455] futex hash table entries: 256 (order: 2, 16384 bytes)
[    3.180539] pinctrl core: initialized pinctrl subsystem
[    3.181513] RTC time:  3:19:11, date: 03/10/18
[    3.182371] NET: Registered protocol family 16
[    3.183309] cpuidle: using governor ladder
[    3.184034] cpuidle: using governor menu
[    3.184734] PCCT header not found.
[    3.185438] ACPI: bus type PCI registered
[    3.186152] acpiphp: ACPI Hot Plug PCI Controller Driver version: 0.5
[    3.187244] PCI: Using configuration type 1 for base access
[    3.189337] ACPI: Added _OSI(Module Device)
[    3.190079] ACPI: Added _OSI(Processor Device)
[    3.190835] ACPI: Added _OSI(3.0 _SCP Extensions)
[    3.191631] ACPI: Added _OSI(Processor Aggregator Device)
[    3.193068] ACPI: Executed 1 blocks of module-level executable AML code
[    3.199165] ACPI: Interpreter enabled
[    3.199850] ACPI: (supports S0 S5)
[    3.200486] ACPI: Using IOAPIC for interrupt routing
[    3.201452] PCI: Using host bridge windows from ACPI; if necessary, use "pci=nocrs" and report a bug
[    3.206240] ACPI: PCI Root Bridge [PCI0] (domain 0000 [bus 00-ff])
[    3.207201] acpi PNP0A03:00: _OSC: OS supports [ASPM ClockPM Segments MSI]
[    3.228775] acpi PNP0A03:00: _OSC: not requesting OS control; OS requires [ExtendedConfig ASPM ClockPM MSI]
[    3.230354] acpi PNP0A03:00: fail to add MMCONFIG information, can't access extended PCI configuration space under this bridge.
[    3.232389] PCI host bridge to bus 0000:00
[    3.233121] pci_bus 0000:00: root bus resource [io  0x0000-0x0cf7 window]
[    3.234143] pci_bus 0000:00: root bus resource [io  0x0d00-0xffff window]
[    3.235175] pci_bus 0000:00: root bus resource [mem 0x000a0000-0x000bffff window]
[    3.236477] pci_bus 0000:00: root bus resource [mem 0x40000000-0xfdffffff window]
[    3.237781] pci_bus 0000:00: root bus resource [bus 00-ff]
[    3.240035] pci 0000:00:01.1: legacy IDE quirk: reg 0x10: [io  0x01f0-0x01f7]
[    3.241105] pci 0000:00:01.1: legacy IDE quirk: reg 0x14: [io  0x03f6]
[    3.242099] pci 0000:00:01.1: legacy IDE quirk: reg 0x18: [io  0x0170-0x0177]
[    3.243172] pci 0000:00:01.1: legacy IDE quirk: reg 0x1c: [io  0x0376]
[    3.261845] pci 0000:00:07.0: quirk: [io  0x4000-0x403f] claimed by PIIX4 ACPI
[    3.285567] pci 0000:00:07.0: quirk: [io  0x4100-0x410f] claimed by PIIX4 SMB
[    3.326210] ACPI: PCI Interrupt Link [LNKA] (IRQs 5 9 10 *11)
[    3.621153] ACPI: PCI Interrupt Link [LNKB] (IRQs 5 9 *10 11)
[    3.864520] ACPI: PCI Interrupt Link [LNKC] (IRQs 5 *9 10 11)
[    4.138627] ACPI: PCI Interrupt Link [LNKD] (IRQs 5 9 10 *11)
[    4.331386] ACPI: Enabled 2 GPEs in block 00 to 07
[    4.344589] vgaarb: setting as boot device: PCI:0000:00:02.0
[    4.349009] vgaarb: device added: PCI:0000:00:02.0,decodes=io+mem,owns=io+mem,locks=none
[    4.387661] vgaarb: loaded
[    4.388385] vgaarb: bridge control possible 0000:00:02.0
[    4.389813] SCSI subsystem initialized
[    4.390794] ACPI: bus type USB registered
[    4.391744] usbcore: registered new interface driver usbfs
[    4.392940] usbcore: registered new interface driver hub
[    4.398854] usbcore: registered new device driver usb
[    4.400110] PCI: Using ACPI for IRQ routing
[    4.401338] NetLabel: Initializing
[    4.402128] NetLabel:  domain hash size = 128
[    4.403069] NetLabel:  protocols = UNLABELED CIPSOv4
[    4.404139] NetLabel:  unlabeled traffic allowed by default
[    4.405404] amd_nb: Cannot enumerate AMD northbridges
[    4.406480] clocksource: Switched to clocksource kvm-clock
[    4.413806] AppArmor: AppArmor Filesystem Enabled
[    4.429174] pnp: PnP ACPI init
[    4.430603] pnp: PnP ACPI: found 3 devices
[    4.437674] clocksource: acpi_pm: mask: 0xffffff max_cycles: 0xffffff, max_idle_ns: 2085701024 ns
[    4.440919] NET: Registered protocol family 2
[    4.442015] TCP established hash table entries: 8192 (order: 4, 65536 bytes)
[    4.443400] TCP bind hash table entries: 8192 (order: 5, 131072 bytes)
[    4.444681] TCP: Hash tables configured (established 8192 bind 8192)
[    4.445958] UDP hash table entries: 512 (order: 2, 16384 bytes)
[    4.447146] UDP-Lite hash table entries: 512 (order: 2, 16384 bytes)
[    4.448481] NET: Registered protocol family 1
[    4.449447] pci 0000:00:00.0: Limiting direct PCI/PCI transfers
[    4.450631] pci 0000:00:01.0: Activating ISA DMA hang workarounds
[    4.451934] Unpacking initramfs...
[    6.104035] Freeing initrd memory: 10840K
[    6.129075] RAPL PMU detected, API unit is 2^-32 Joules, 3 fixed counters 10737418240 ms ovfl timer
[    6.130896] hw unit of domain pp0-core 2^-0 Joules
[    6.131897] hw unit of domain package 2^-0 Joules
[    6.132867] hw unit of domain pp1-gpu 2^-0 Joules
[    6.133929] platform rtc_cmos: registered platform RTC device (no PNP device found)
[    6.135589] Scanning for low memory corruption every 60 seconds
[    6.137037] audit: initializing netlink subsys (disabled)
[    6.138181] audit: type=2000 audit(1520651955.134:1): initialized
[    6.139699] Initialise system trusted keyring
[    6.140713] HugeTLB registered 2 MB page size, pre-allocated 0 pages
[    6.143122] zbud: loaded
[    6.144019] VFS: Disk quotas dquot_6.6.0
[    6.144896] VFS: Dquot-cache hash table entries: 512 (order 0, 4096 bytes)
[    6.146420] squashfs: version 4.0 (2009/01/31) Phillip Lougher
[    6.147816] fuse init (API version 7.23)
[    6.148803] Key type big_key registered
[    6.152054] Allocating IMA MOK and blacklist keyrings.
[    6.153317] Key type asymmetric registered
[    6.154197] Asymmetric key parser 'x509' registered
[    6.155245] Block layer SCSI generic (bsg) driver version 0.4 loaded (major 249)
[    6.156835] io scheduler noop registered
[    6.157687] io scheduler deadline registered (default)
[    6.158765] io scheduler cfq registered
[    6.159715] pci_hotplug: PCI Hot Plug PCI Core version: 0.5
[    6.160825] pciehp: PCI Express Hot Plug Controller Driver version: 0.4
[    6.162231] ACPI: AC Adapter [AC] (off-line)
[    6.163222] input: Power Button as /devices/LNXSYSTM:00/LNXPWRBN:00/input/input0
[    6.164828] ACPI: Power Button [PWRF]
[    6.165707] input: Sleep Button as /devices/LNXSYSTM:00/LNXSLPBN:00/input/input1
[    6.167339] ACPI: Sleep Button [SLPF]
[    6.168821] ACPI: Battery Slot [BAT0] (battery present)
[    6.172797] GHES: HEST is not enabled!
[    6.173746] Serial: 8250/16550 driver, 32 ports, IRQ sharing enabled
[    6.196577] 00:02: ttyS0 at I/O 0x3f8 (irq = 4, base_baud = 115200) is a 16550A
[    6.199344] Linux agpgart interface v0.103
[    6.206613] loop: module loaded
[    6.209240] scsi host0: ata_piix
[    6.210039] scsi host1: ata_piix
[    6.210850] ata1: PATA max UDMA/33 cmd 0x1f0 ctl 0x3f6 bmdma 0xd000 irq 14
[    6.212165] ata2: PATA max UDMA/33 cmd 0x170 ctl 0x376 bmdma 0xd008 irq 15
[    6.213940] libphy: Fixed MDIO Bus: probed
[    6.228508] tun: Universal TUN/TAP device driver, 1.6
[    6.229537] tun: (C) 1999-2004 Max Krasnyansky <maxk@qualcomm.com>
[    6.230807] PPP generic driver version 2.4.2
[    6.231809] ehci_hcd: USB 2.0 'Enhanced' Host Controller (EHCI) Driver
[    6.233087] ehci-pci: EHCI PCI platform driver
[    6.234037] ehci-platform: EHCI generic platform driver
[    6.235129] ohci_hcd: USB 1.1 'Open' Host Controller (OHCI) Driver
[    6.236339] ohci-pci: OHCI PCI platform driver
[    6.237291] ohci-platform: OHCI generic platform driver
[    6.238372] uhci_hcd: USB Universal Host Controller Interface driver
[    6.239690] i8042: PNP: PS/2 Controller [PNP0303:PS2K,PNP0f03:PS2M] at 0x60,0x64 irq 1,12
[    6.241803] serio: i8042 KBD port at 0x60,0x64 irq 1
[    6.242825] serio: i8042 AUX port at 0x60,0x64 irq 12
[    6.243976] mousedev: PS/2 mouse device common for all mice
[    6.245341] input: AT Translated Set 2 keyboard as /devices/platform/i8042/serio0/input/input2
[    6.247473] rtc_cmos rtc_cmos: rtc core: registered rtc_cmos as rtc0
[    6.248777] rtc_cmos rtc_cmos: alarms up to one day, 114 bytes nvram
[    6.252505] i2c /dev entries driver
[    6.253348] device-mapper: uevent: version 1.0.3
[    6.254366] device-mapper: ioctl: 4.34.0-ioctl (2015-10-28) initialised: dm-devel@redhat.com
[    6.256133] ledtrig-cpu: registered to indicate activity on CPUs
[    6.257588] NET: Registered protocol family 10
[    6.258681] NET: Registered protocol family 17
[    6.259658] Key type dns_resolver registered
[    6.260679] microcode: CPU0 sig=0x306a9, pf=0x2, revision=0x19
[    6.261862] microcode: Microcode Update Driver: v2.01 <tigran@aivazian.fsnet.co.uk>, Peter Oruba
[    6.279003] registered taskstats version 1
[    6.279919] Loading compiled-in X.509 certificates
[    6.281585] Loaded X.509 cert 'Build time autogenerated kernel key: aa84f01984fbd529c105810b59e379d349698248'
[    6.283604] zswap: loaded using pool lzo/zbud
[    6.286335] Key type trusted registered
[    6.292049] Key type encrypted registered
[    6.299018] AppArmor: AppArmor sha1 policy hashing enabled
[    6.300186] ima: No TPM chip found, activating TPM-bypass!
[    6.301380] evm: HMAC attrs: 0x1
[    6.302419]   Magic number: 10:318:310
[    6.303502] tty tty39: hash matches
[    6.308985] rtc_cmos rtc_cmos: setting system clock to 2018-03-10 03:19:14 UTC (1520651954)
[    6.338951] BIOS EDD facility v0.16 2004-Jun-25, 0 devices found
[    6.499092] EDD information not available.
[    6.530076] Freeing unused kernel memory: 1508K
[    6.678543] Write protecting the kernel read-only data: 14336k
[    6.680171] Freeing unused kernel memory: 1700K
[    6.699087] Freeing unused kernel memory: 104K
Loading, please wait...
starting version[    6.715378] random: systemd-udevd: uninitialized urandom read (16 bytes read, 2 bits of entropy available)
 229
[    6.729683] random: udevadm: uninitialized urandom read (16 bytes read, 2 bits of entropy available)
[    6.739473] random: udevadm: uninitialized urandom read (16 bytes read, 2 bits of entropy available)
[    6.743273] random: systemd-udevd: uninitialized urandom read (16 bytes read, 2 bits of entropy available)
[    6.792405] random: udevadm: uninitialized urandom read (16 bytes read, 2 bits of entropy available)
[    6.839809] random: systemd-udevd: uninitialized urandom read (16 bytes read, 2 bits of entropy available)
[    6.869176] random: udevadm: uninitialized urandom read (16 bytes read, 2 bits of entropy available)
[    6.870831] random: udevadm: uninitialized urandom read (16 bytes read, 2 bits of entropy available)
[    6.872441] random: systemd-udevd: uninitialized urandom read (16 bytes read, 2 bits of entropy available)
[    6.874992] random: systemd-udevd: uninitialized urandom read (16 bytes read, 2 bits of entropy available)
[    6.965805] e1000: Intel(R) PRO/1000 Network Driver - version 7.3.21-k8-NAPI
[    6.989148] e1000: Copyright (c) 1999-2006 Intel Corporation.
[    6.995904] Fusion MPT base driver 3.04.20
[    7.058755] Copyright (c) 1999-2008 LSI Corporation
[    7.139063] tsc: Refined TSC clocksource calibration: 2597.680 MHz
[    7.248937] clocksource: tsc: mask: 0xffffffffffffffff max_cycles: 0x2571ac8e02d, max_idle_ns: 440795226997 ns
[    7.265076] Fusion MPT SPI Host driver 3.04.20
[    7.429749] input: ImExPS/2 Generic Explorer Mouse as /devices/platform/i8042/serio1/input/input4
[    7.751490] e1000 0000:00:03.0 eth0: (PCI:33MHz:32-bit) 02:ab:3b:f0:d4:f7
[    7.769144] e1000 0000:00:03.0 eth0: Intel(R) PRO/1000 Network Connection
[    7.770764] mptbase: ioc0: Initiating bringup
[    7.834892] ioc0: LSI53C1030 A0: Capabilities={Initiator}
[    8.129550] scsi host2: ioc0: LSI53C1030 A0, FwRev=00000000h, Ports=1, MaxQ=256, IRQ=20
[    8.292972] scsi 2:0:0:0: Direct-Access     VBOX     HARDDISK         1.0  PQ: 0 ANSI: 5
[    8.319869] scsi target2:0:0: Beginning Domain Validation
[    8.322525] scsi target2:0:0: Domain Validation skipping write tests
[    8.329730] scsi target2:0:0: Ending Domain Validation
[    8.345145] scsi target2:0:0: asynchronous
[    8.478870] scsi 2:0:1:0: Direct-Access     VBOX     HARDDISK         1.0  PQ: 0 ANSI: 5
[    8.537579] scsi target2:0:1: Beginning Domain Validation
[    8.836644] scsi target2:0:1: Domain Validation skipping write tests
[    8.859253] scsi target2:0:1: Ending Domain Validation
[    8.860399] scsi target2:0:1: asynchronous
[    8.865065] sd 2:0:0:0: Attached scsi generic sg0 type 0
[    8.868702] sd 2:0:0:0: [sda] 20971520 512-byte logical blocks: (10.7 GB/10.0 GiB)
[    8.870653] sd 2:0:0:0: [sda] Write Protect is off
[    8.881339] sd 2:0:1:0: [sdb] 20480 512-byte logical blocks: (10.5 MB/10.0 MiB)
[    8.884908] sd 2:0:1:0: Attached scsi generic sg1 type 0
[    8.888482] sd 2:0:0:0: [sda] Incomplete mode parameter data
[    8.889611] sd 2:0:0:0: [sda] Assuming drive cache: write through
[    8.893448] sd 2:0:1:0: [sdb] Write Protect is off
[    8.895911] e1000 0000:00:08.0 eth1: (PCI:33MHz:32-bit) 08:00:27:35:cb:5a
[    8.948925] e1000 0000:00:08.0 eth1: Intel(R) PRO/1000 Network Connection
[    8.950164] sd 2:0:1:0: [sdb] Incomplete mode parameter data
[    8.951074] sd 2:0:1:0: [sdb] Assuming drive cache: write through
[    8.954390] e1000 0000:00:08.0 enp0s8: renamed from eth1
[    8.959892] e1000 0000:00:03.0 enp0s3: renamed from eth0
[    8.963306]  sda: sda1
[    9.049475] sd 2:0:1:0: [sdb] Attached SCSI disk
[    9.118954] sd 2:0:0:0: [sda] Attached SCSI disk
[   10.098830] floppy0: no floppy controllers found
Begin: Loading e[   11.487352] md: linear personality registered for level -1
ssential drivers ... [   11.632921] md: multipath personality registered for level -4
[   11.832180] md: raid0 personality registered for level 0
[   11.943861] md: raid1 personality registered for level 1
[   12.228075] raid6: sse2x1   gen()  8170 MB/s
[   12.428002] raid6: sse2x1   xor()  7422 MB/s
[   12.628003] raid6: sse2x2   gen() 11607 MB/s
[   12.727995] raid6: sse2x2   xor()  8196 MB/s
[   12.817995] raid6: sse2x4   gen() 13235 MB/s
[   13.018031] raid6: sse2x4   xor()  9370 MB/s
[   13.048671] raid6: using algorithm sse2x4 gen() 13235 MB/s
[   13.049546] raid6: .... xor() 9370 MB/s, rmw enabled
[   13.050377] raid6: using ssse3x2 recovery algorithm
[   13.151253] xor: automatically using best checksumming function:
[   13.288006]    avx       : 41550.000 MB/sec
[   13.331200] async_tx: api initialized (async)
[   13.354465] md: raid6 personality registered for level 6
[   13.398813] md: raid5 personality registered for level 5
[   13.399654] md: raid4 personality registered for level 4
[   13.407951] md: raid10 personality registered for level 10
done.
Begin: Running /scripts/init-premount ... done.
Begin: Mounting root file system ... Begin: Running /scripts/local-top ... done.
Begin: Running /scripts/local-premount ... [   13.504918] Btrfs loaded
Scanning for Btrfs filesystems
done.
Warning: fsck not present, so skipping root file system
[   13.606733] EXT4-fs (sda1): mounted filesystem with ordered data mode. Opts: (null)
done.
Begin: Running /scripts/local-bottom ... done.
Begin: Running /scripts/init-bottom ... done.
[   14.172781] systemd[1]: systemd 229 running in system mode. (+PAM +AUDIT +SELINUX +IMA +APPARMOR +SMACK +SYSVINIT +UTMP +LIBCRYPTSETUP +GCRYPT +GNUTLS +ACL +XZ -LZ4 +SECCOMP +BLKID +ELFUTILS +KMOD -IDN)
[   14.370597] systemd[1]: Detected virtualization oracle.
[   14.371491] systemd[1]: Detected architecture x86-64.

Welcome to [1mUbuntu 16.04.3 LTS[0m!

[   14.422623] systemd[1]: Set hostname to <ubuntu>.
[   14.449889] systemd[1]: Initializing machine ID from random generator.
[   15.018666] systemd[1]: Installed transient /etc/machine-id file.
[   15.353715] random: nonblocking pool is initialized
[   15.952232] systemd[1]: Listening on Journal Socket (/dev/log).
[[0;32m  OK  [0m] Listening on Journal Socket (/dev/log).
[   15.972538] systemd[1]: Listening on Journal Audit Socket.
[[0;32m  OK  [0m] Listening on Journal Audit Socket.
[   15.978577] systemd[1]: Set up automount Arbitrary Executable File Formats File System Automount Point.
[[0;32m  OK  [0m] Set up automount Arbitrary Executab...ats File System Automount Point.
[   16.022247] systemd[1]: Created slice User and Session Slice.
[[0;32m  OK  [0m] Created slice User and Session Slice.
[   16.025772] systemd[1]: Reached target User and Group Name Lookups.
[[0;32m  OK  [0m] Reached target User and Group Name Lookups.
[   16.034793] systemd[1]: Started Forward Password Requests to Wall Directory Watch.
[[0;32m  OK  [0m] Started Forward Password Requests to Wall Directory Watch.
[   16.038015] systemd[1]: Started Trigger resolvconf update for networkd DNS.
[[0;32m  OK  [0m] Started Trigger resolvconf update for networkd DNS.
[   16.057173] systemd[1]: Listening on /dev/initctl Compatibility Named Pipe.
[[0;32m  OK  [0m] Listening on /dev/initctl Compatibility Named Pipe.
[   16.061890] systemd[1]: Listening on Journal Socket.
[[0;32m  OK  [0m] Listening on Journal Socket.
[   16.066629] systemd[1]: Listening on udev Kernel Socket.
[[0;32m  OK  [0m] Listening on udev Kernel Socket.
[   16.069086] systemd[1]: Reached target Swap.
[[0;32m  OK  [0m] Reached target Swap.
[   16.071385] systemd[1]: Listening on Device-mapper event daemon FIFOs.
[[0;32m  OK  [0m] Listening on Device-mapper event daemon FIFOs.
[   16.074534] systemd[1]: Listening on Syslog Socket.
[[0;32m  OK  [0m] Listening on Syslog Socket.
[   16.090285] systemd[1]: Listening on LVM2 metadata daemon socket.
[[0;32m  OK  [0m] Listening on LVM2 metadata daemon socket.
[   16.092956] systemd[1]: Listening on LVM2 poll daemon socket.
[[0;32m  OK  [0m] Listening on LVM2 poll daemon socket.
[   16.103554] systemd[1]: Created slice System Slice.
[[0;32m  OK  [0m] Created slice System Slice.
[   16.123341] systemd[1]: Starting Uncomplicated firewall...
         Starting Uncomplicated firewall...
[   16.150244] systemd[1]: Starting Nameserver information manager...
         Starting Nameserver information manager...
[   16.176058] systemd[1]: Starting Set console keymap...
         Starting Set console keymap...
[   16.185598] systemd[1]: Reached target Slices.
[[0;32m  OK  [0m] Reached target Slices.
[   16.189069] systemd[1]: Mounting Debug File System...
         Mounting Debug File System...
[   16.239674] systemd[1]: Starting Monitoring of LVM2 mirrors, snapshots etc. using dmeventd or progress polling...
         Starting Monitoring of LVM2 mirrors... dmeventd or progress polling...
[   16.278063] systemd[1]: Starting Remount Root and Kernel File Systems...
         Starting Remount Root and Kernel File Systems...
[   16.342534] systemd[1]: Created slice system-serial\x2dgetty.slice.
[[0;32m  OK  [0m] Created slice system-serial\x2dgetty.slice.
[   16.346059] systemd[1]: Mounting POSIX Message Queue File System...
         Mounting POSIX Message Queue File System...
[   16.368550] EXT4-fs (sda1): re-mounted. Opts: (null)
[   16.390127] systemd[1]: Mounting Huge Pages File System...
         Mounting Huge Pages File System...
[   16.547972] systemd[1]: Starting Load Kernel Modules...
         Starting Load Kernel Modules...
[   16.594192] systemd[1]: Listening on udev Control Socket.
[[0;32m  OK  [0m] Listening on udev Control Socket.
[   16.598650] systemd[1]: Starting Create list of required static device nodes for the current kernel...
         Starting Create list of required st... nodes for the current kernel...
[   16.661515] systemd[1]: Reached target Encrypted Volumes.
[[0;32m  OK  [0m] Reached target Encrypted Volumes.
[   16.667394] systemd[1]: Starting Journal Service...
         Starting Journal Service...
[   16.680403] systemd[1]: Mounted POSIX Message Queue File System.
[[0;32m  OK  [0m] Mounted POSIX Message Queue File System.
[   16.926768] systemd[1]: Mounted Debug File System.
[   16.962422] Loading iSCSI transport class v2.0-870.
[[0;32m  OK  [0m] Mounted Debug File System.
[   17.070788] systemd[1]: Mounted Huge Pages File System.
[[0;32m  OK  [0m] Mounted Huge [   17.173034] iscsi: registered transport (tcp)
Pages File System.
[   17.175975] systemd[1]: Started Uncomplicated firewall.
[[0;32m  OK  [0m] Started Uncomplicated firewall.
[   17.192009] systemd[1]: Started Set console keymap.
[[0;32m  OK  [0m] Started Set console keymap.
[   17.228142] systemd[1]: Started Remount Root and Kernel File Systems.
[[0;32m  OK  [0m] Started Remount Root and Kernel File Systems.
[   17.248875] systemd[1]: Started Create list of required static device nodes for the current kernel.
[[0;32m  OK  [0m] Started Create list of required sta...ce nodes for the current kernel.
[   17.275500] systemd[1]: Started Nameserver information manager.
[[0;32m  OK  [0m] Started Nameserver information manager.
[   17.304546] iscsi: registered transport (iser)
[   17.311629] systemd[1]: Started Journal Service.
[[0;32m  OK  [0m] Started Journal Service.
[[0;32m  OK  [0m] Started Load Kernel Modules.
[[0;32m  OK  [0m] Started LVM2 metadata daemon.
         Starting Apply Kernel Variables...
         Mounting FUSE Control File System...
         Starting Create Static Device Nodes in /dev...
         Starting Load/Save Random Seed...
         Starting Flush Journal to Persistent Storage...
         Starting udev Coldplug all Devices...
         Starting Initial cloud-init job (pre-networking)...
[[0;32m  OK  [0m] Mounted FUSE Control File System.
[[0;32m  OK  [0m] Started Load/Save Random Seed.
[   17.570681] systemd-journald[382]: Received request to flush runtime journal from PID 1
[[0;32m  OK  [0m] Started Apply Kernel Variables.
[[0;32m  OK  [0m] Started Flush Journal to Persistent Storage.
[[0;32m  OK  [0m] Started udev Coldpluggall Devices.
[[0;32m  OK  [0m] Started Create Static Device Nodes in /dev.
         Starting udev Kernel Device Manager...
[[0;32m  OK  [0m] Started Monitoring of LVM2 mirrors,...ng dmeventd or progress polling.
[[0;32m  OK  [0m] Started udev Kernel Device Manager.
[[0;32m  OK  [0m] Started Dispatch Password Requests to Console Directory Watch.
[[0;32m  OK  [0m] Reached target Local File Systems (Pre).
[[0;32m  OK  [0m] Reached target Local File Systems.
         Starting LSB: AppArmor initialization...
         Starting Tell Plymouth To Write Out Runtime Data...
         Starting Set console font and keymap...
         Starting Commit a transient machine-id on disk...
         Starting Create Volatile Files and Directories...
[[0;32m  OK  [0m] Started Tell Plymouth To Write Out Runtime Data.
[[0;32m  OK  [0m] Started Commit a transient machine-id on disk.
[[0;32m  OK  [0m] Started Create Volatile Files and Directories.
[[0;32m  OK  [0m] Found device /dev/ttyS0.
         Starting Update UTMP about System Boot/Shutdown...
[[0;32m  OK  [0m] Reached target System Time Synchronized.
[[0;32m  OK  [0m] Started Update UTMP about System Boot/Shutdown.
[[0;32m  OK  [0m] Started Set console font and keymap.
[[0;32m  OK  [0m] Created slice system-getty.slice.
[[0;32m  OK  [0m] Listening on Load/Save RF Kill Switch Status /dev/rfkill Watch.
[[0;32m  OK  [0m] Started LSB: AppArmor initialization.
[   18.257672] cloud-init[433]: Cloud-init v. 17.1 running 'init-local' at Sat, 10 Mar 2018 03:19:29 +0000. Up 17.71 seconds.
[[0;32m  OK  [0m] Started Initial cloud-init job (pre-networking).
[[0;32m  OK  [0m] Reached target Network (Pre).
         Starting Raise network interfaces...
[[0;32m  OK  [0m] Started Raise network interfaces.
         Starting Initial cloud-init job (metadata service crawler)...
[[0;32m  OK  [0m] Reached target Network.
[   20.842854] cloud-init[942]: Cloud-init v. 17.1 running 'init' at Sat, 10 Mar 2018 03:19:31 +0000. Up 19.03 seconds.
[   20.914445] cloud-init[942]: ci-info: ++++++++++++++++++++++++++++++++++++++Net device info++++++++++++++++++++++++++++++++++++++
[   20.921662] cloud-init[942]: ci-info: +--------+-------+----------------------------+---------------+-------+-------------------+
[[0;32m  OK  [0m] Started Initial cloud-init job (metadata service crawler).[   20.948629] cloud-init[942]: ci-info: | Device |   Up  |          Address           |      Mask     | Scope |     Hw-Address    |
[   20.949058] cloud-init[942]: ci-info: +--------+-------+----------------------------+---------------+---------------------------+
[   20.949252] cloud-init[942]: ci-info: | enp0s3 |  True |         10.0.2.15          | 255.255.255.0 |   .   | 02:ab:3b:f0:d4:f7 |
[   20.949470] cloud-init[942]: ci-info: | enp0s3 |  True | fe80::ab:3bff:fef0:d4f7/64 |       .       |  link | 02:ab:3b:f0:d4:f7 |
[   20.949636] cloud-init[942]: ci-info: | enp0s8 | False |             .              |       .       |   .   | 08:00:27:35:cb:5a |
[   20.949794] cloud-init[942]: ci-info: |   lo   |  True |         127.0.0.1          |   255.0.0.0   |   .   |         .         |
[   20.949973] cloud-init[942]: ci-info: |   lo   |  True |          ::1/128           |       .       |  host |         .         |
[   20.950165] cloud-init[942]: ci-info: +--------+-------+----------------------------+---------------+-------+-------------------+
[   20.950325] cloud-init[942]: ci-info: +++++++++++++++++++++++++++Route IPv4 info++++++++++++++++++++++++++++
[   20.950523] cloud-init[942]: ci-info: +-------+-------------+----------+---------------+-----------+-------+
[   20.950683] cloud-init[942]: ci-info: | Route | Destination | Gateway  |    Genmask    | Interface | Flags |
[   20.950840] cloud-init[942]: ci-info: +-------+-------------+----------+---------------+-----------+-------+
[   20.951002] cloud-init[942]: ci-info: |   0   |   0.0.0.0   | 10.0.2.2 |    0.0.0.0    |   enp0s3  |   UG  |
[   20.951158] cloud-init[942]: ci-info: |   1   |   10.0.2.0  | 0.0.0.0  | 255.255.255.0 |   enp0s3  |   U   |
[   20.951320] cloud-init[942]: ci-info: +-------+-------------+----------+---------------+-----------+-------+
[   20.951498] cloud-init[942]: Generating public/private rsa key pair.
[   20.951656] cloud-init[942]: Your identification has been saved in /etc/ssh/ssh_host_rsa_key.
[   20.951812] cloud-init[942]: Your public key has been saved in /etc/ssh/ssh_host_rsa_key.pub.
[   20.951968] cloud-init[942]: The key fingerprint is:

[   20.953671] cloud-init[942]: SHA256:Jpvm6MOIUKZho2iDEowz2lxHQ2SiUVmkFePsWsHr2Gk root@ubuntu-xenial
[   21.054121] cloud-init[942]: The key's randomart image is:
[[0;32m  OK  [0m] Reached target Network is Online.
         Starting iSCSI initiator daemon (iscsid)...
[[0;32m  OK  [0m] Reached target System Initialization.
[   21.056073] cloud-init[942]: +---[RSA 2048]----+
[   21.063344] cloud-init[942]: |  ..o*X.         |
[   21.065204] cloud-init[942]: |   o.Oo.         |
[   21.066404] cloud-init[942]: |o . ..=.         |
[[0;32m  OK  [0m] Started ACPI Events Check.
[[0;32m  OK  [0m] Reached target Paths.
[[0;32m  OK  [0m] Started Daily apt download activities.
[   21.096832] cloud-init[942]: |*+o ...o         |
[   21.146009] cloud-init[942]: |*@.. .= S        |
[[0;32m  OK  [0m] Started Daily apt upgrade and clean activities.
[   21.150699] cloud-init[942]: |Ooo  * *         |
[   21.161565] cloud-init[942]: |+..oo E          |
[   21.162660] cloud-init[942]: |. . o=           |
[   21.163759] cloud-init[942]: |   .o..          |
[   21.165923] cloud-init[942]: +----[SHA256]-----+
[   21.168038]          Starting LXD - unix socket.
[[0;32m  OK  [0m] Listening on D-Bus System Message Bus Socket.
[[0;32m  OK  [0m] Started Timer to automatically refresh installed snaps.
[[0;32m  OK  [0m] Listening on ACPID Listen Socket.
         Starting Socket activation for snappy daemon.
[[0;32m  OK  [0m] Started Daily Cleanup of Temporary Directories.
[[0;32m  OK  [0m] Reached target Timers.
[[0;32m  OK  [0m] Listening on UUID daemon activation socket.
[[0;32m  OK  [0m] Reached target Cloud-config availability.
cloud-init[942]: Generating public/private dsa key pair.
[[0;32m  OK  [0m] Listening on LXD - unix socket.
[[0;32m  OK  [0m] Listening on Socket activation for snappy daemon.
[   21.253438] cloud-init[942]: Your identification has been saved in /etc/ssh/ssh_host_dsa_key.
[   21.260769] cloud-init[942]: Your public key has been saved in /etc/ssh/ssh_host_dsa_key.pub.
[   21.263509] cloud-init[[0;32m  OK  [0m] Started iSCSI initiator daemon (iscsid).
[942]: The key fingerprint is:
[   21.273938] cloud-init[942]: SHA256:HPvGlvXwY8BuSiAAjF31mrcg10sEeQr4Fa3BUDYBKQc root@ubuntu-xenial
[   21.277093] cloud-init[942]: The key's randomart image is:
[   21.281611] cloud-init[942]: +---[DSA 1024]----+
[   21.284248] cloud-init[942]: | +E++BO=         |
[   21.286923] cloud-init[942]: |. =.+.=+o        |
         Starting Login to default iSCSI targets...
[[0;32m  OK  [0m] Reached target Sockets.
[   21.296911] cloud-init[942]: |   +.o =+        |
[   21.301833] cloud-init[942]: |    ..o* o .     |
[   21.304074] cloud-init[942]: |    . * S   =    |
[   21.307348] cloud-init[942]: |     o = * + =   |
[[0;32m  OK  [0m] Reached target Basic System.
[   21.327171] cloud-init[942]: |        o B o =  |
[[0;32m  OK  [0m] Started Deferred execution scheduler.
         Starting LSB: Record successful boot for GRUB...
[   21.344646] cloud-init[942]: |         + o . . |
[   21.353340] [[0;32m  OK  [0m] Started ACPI event daemon.
[[0;32m  OK  [0m] Started Unattended Upgrades Shutdown.
cloud-init[942]: |          .      |
[   21.360353] cloud-init[942]: +----[SHA256]-----+
[   21.361444] cloud-init[942]: Generating public/private ecdsa key pair.
[   21.362674] cloud-init[942]: Your identification has been saved in /etc/ssh/ssh_host_ecdsa_key.
[   21.364059] cloud-init[942]: Your public key has been saved in /etc/ssh/ssh_host_ecdsa_key.pub.
[   21.378412] cloud-init[942]: The key fingerprint is:
         Starting Pollinate to seed the pseudo random number generator...
[[0;32m  OK  [0m] Started FUSE filesystem for LXC.
[[   21.382561] cloud-init[942]: SHA256:vEeNc92JEup4DLicgffw7xIWUDpOZRXTW9G2X5rnZAI root@ubuntu-xenial
[   21.401149] cloud-init[942]: The key's randomart image is:
[   21.401276] cloud-init[942]: +---[ECDSA 256]---+
[   21.401367] cloud-init[942]: |      .+.+o  .o  |
[   21.401444] cloud-init[942]: |     .+   .. . o |
[   21.401518] cloud-init[942]: |     +.    .o . .|
[   21.401594] cloud-init[942]: |    + oo  .+E..oo|
[   21.401678] cloud-init[942]: |   . * .S.+.oo.++|
[   21.401754] cloud-init[942]: |    o Bo=o o. + =|
[   21.401831] cloud-init[942]: |     +.+o+.    * |
[   21.401906] cloud-init[942]: |       .o.      .|
[   21.401981] cloud-init[942]: |        oo       |
[   21.402054] cloud-init[942]: +----[SHA256]-----+
[   21.402127] cloud-init[942]: Generating public/private ed25519 key pair.
[   21.402202] cloud-init[942]: Your identification has been saved in /etc/ssh/ssh_host_ed25519_key.
[   21.402276] cloud-init[942]: Your public key has been saved in /etc/ssh/ssh_host_ed25519_key.pub.
[   21.402372] cloud-init[942]: The key fingerprint is:
[   21.402450] cloud-init[942]: SHA256:Zxe28IT0rrrRuUpa96EIZzIAqk3C5XlcE6xXOUOoGbc root@ubuntu-xenial
[   21.402530] cloud-init[942]: The key's randomart image is:
[   21.402604] cloud-init[942]: +--[ED25519 256]--+
[   21.402677] cloud-init[942]: |      ..o.o      |
[   21.402750] cloud-init[942]: |     . +.* o     |
[   21.402826] cloud-init[942]: |  ..  *oo = =    |
[   21.402898] cloud-init[942]: |..o.o+.E.  * o   |
[   21.402974] cloud-init[942]: |o..o.o. S o =    |
[   21.403047] cloud-init[942]: |.+  ..   + +     |
[   21.403121] cloud-init[942]: |. .   + * = .    |
[   21.403195] cloud-init[942]: |       X = + .   |
[   21.403832] cloud-init[942]: |      . =oo .    |
[   21.403947] cloud-init[942]: +----[SHA256]-----+
[0;32m  OK  [0m] Started D-Bus System Message Bus.
[[0;32m  OK  [0m] Started Regular background program processing daemon.
         Starting Login Service...
         Starting Snappy daemon...
         Starting Apply the settings specified in cloud-config...
         Starting Accounts Service...
         Starting System Logging Service...
         Starting LXD - container startup/shutdown...
         Starting /etc/rc.local Compatibility...
         Starting LSB: MD monitoring daemon...
[[0;32m  OK  [0m] Started /etc/rc.local Compatibility.
[[0;32m  OK  [0m] Started System Logging Service.
[[0;32m  OK  [0m] Started Login Service.
[[0;32m  OK  [0m] Started LSB: Record successful boot for GRUB.
[[0;32m  OK  [0m] Started Login to default iSCSI targets.
[[0;32m  OK  [0m] Reached target Remote File Systems (Pre).
[[0;32m  OK  [0m] Reached target Remote File Systems.
         Starting LSB: Set the CPU Frequency Scaling governor to "ondemand"...
         Starting LSB: VirtualBox Linux Additions...
         Starting LSB: automatic crash report generation...
         Starting LSB: daemon to balance interrupts for SMP systems...
         Starting Permit User Sessions...
[[0;32m  OK  [0m] Started LSB: MD monitoring daemon.
[[0;32m  OK  [0m] Started Permit User Sessions.
         Starting Hold until boot process finishes up...
         Starting Terminate Plymouth Boot Screen...
[[0;32m  OK  [0m] Started LSB: Set the CPU Frequency Scaling governor to "ondemand".
[[0;32m  OK  [0m] Started Hold until boot process finishes up.
[[0;32m  OK  [0m] Started Terminate Plymouth Boot Screen.
         Starting Authenticate and Authorize Users to Run Privileged Tasks...
         Starting Set console scheme...
[[0;32m  OK  [0m] Started Getty on tty1.
[[0;32m  OK  [0m] Started Serial Getty on ttyS0.
[[0;32m  OK  [0m] Reached target Login Prompts.
[[0;32m  OK  [0m] Started LSB: automatic crash report generation.
[[0;32m  OK  [0m] Started LSB: daemon to balance interrupts for SMP systems.
[[0;32m  OK  [0m] Started Set console scheme.
[   23.064845] cloud-init[1114]: Generating locales (this might take a while)...
[[0;32m  OK  [0m] Started Authenticate and Authorize Users to Run Privileged Tasks.
[[0;32m  OK  [0m] Started Accounts Service.
[[0;32m  OK  [0m] Started LSB: VirtualBox Linux Additions.
[[0;32m  OK  [0m] Started LXD - container startup/shutdown.
[[0;32m  OK  [0m] Started Snappy daemon.
[[0;32m  OK  [0m] Started Pollinate to seed the pseudo random number generator.
[   24.770345] cloud-init[1114]:   en_US.UTF-8... done
         Starting OpenBSD Secure Shell server...
[   24.859441] cloud-init[1114]: Generation complete.
[[0;32m  OK  [0m] Started OpenBSD Secure Shell server.
[[0;32m  OK  [0m] Reached target Multi-User System.
[[0;32m  OK  [0m] Reached target Graphical Interface.
         Starting Update UTMP about System Runlevel Changes...
[[0;32m  OK  [0m] Started Update UTMP about System Runlevel Changes.
[[0;32m  OK  [0m] Created slice User Slice of vagrant.
         Starting User Manager for UID 1000...
[[0;32m  OK  [0m] Started Session 1 of user vagrant.
[[0;32m  OK  [0m] Started User Manager for UID 1000.
[   27.366242] cloud-init[1114]: Cloud-init v. 17.1 running 'modules:config' at Sat, 10 Mar 2018 03:19:34 +0000. Up 22.20 seconds.
[[0;32m  OK  [0m] Started Apply the settings specified in cloud-config.
         Starting Execute cloud user/final scripts...
ci-info: no authorized ssh keys fingerprints found for user ubuntu.
<14>Mar 10 03:19:40 ec2: 
<14>Mar 10 03:19:40 ec2: #############################################################
<14>Mar 10 03:19:40 ec2: -----BEGIN SSH HOST KEY FINGERPRINTS-----
<14>Mar 10 03:19:40 ec2: 1024 SHA256:HPvGlvXwY8BuSiAAjF31mrcg10sEeQr4Fa3BUDYBKQc root@ubuntu-xenial (DSA)
<14>Mar 10 03:19:40 ec2: 256 SHA256:vEeNc92JEup4DLicgffw7xIWUDpOZRXTW9G2X5rnZAI root@ubuntu-xenial (ECDSA)
<14>Mar 10 03:19:40 ec2: 256 SHA256:Zxe28IT0rrrRuUpa96EIZzIAqk3C5XlcE6xXOUOoGbc root@ubuntu-xenial (ED25519)
<14>Mar 10 03:19:40 ec2: 2048 SHA256:Jpvm6MOIUKZho2iDEowz2lxHQ2SiUVmkFePsWsHr2Gk root@ubuntu-xenial (RSA)
<14>Mar 10 03:19:40 ec2: -----END SSH HOST KEY FINGERPRINTS-----
<14>Mar 10 03:19:40 ec2: #############################################################
-----BEGIN SSH HOST KEY KEYS-----
ecdsa-sha2-nistp256 AAAAE2VjZHNhLXNoYTItbmlzdHAyNTYAAAAIbmlzdHAyNTYAAABBBLlXXx11rKeoPK07XZ24XYmmgCoYokZYNUiPivOn3G1r32IXlsCdZ1D9W0z9iOves1zwg0K6YTpGQYfqxm0VL/U= root@ubuntu-xenial
ssh-ed25519 AAAAC3NzaC1lZDI1NTE5AAAAIMuUAOHnFeKr7C40YkVgAR+65unujoQe6nXf1xMtcanX root@ubuntu-xenial
ssh-rsa AAAAB3NzaC1yc2EAAAADAQABAAABAQDJtkPwQhDxEXLQQqCjtOF+8UQLT9PuJgK8dMrr8MuQymS/NKuL0IKM8hzFErktZEfenfC1NZnwB6hCFWSeQEpYpSI1+aLe/kQ9tzVPyeouQ46e5dhBI8OfElkSgX5dKOJmKy3RWsvuZNXYMqq86ezxhvhQyGV3dfuVKRSpiDoEIWFnUbkT1lWnW5KGRYlsuwxnT2jnILK+INZII7FTVRU6HlWuS+HHNf/X12gbwfZyNm6ceK8T2G/i/D6bav648+nLMgT7MLMR7N0vuLleQjRHSdIJbqrOCfsZ65+zMNkIMNiv9txKvKuPqj7T/RfgG+DoHgUJGpuhZivLpfr42Rcl root@ubuntu-xenial
-----END SSH HOST KEY KEYS-----
[   28.399858] cloud-init[1392]: Cloud-init v. 17.1 running 'modules:final' at Sat, 10 Mar 2018 03:19:40 +0000. Up 28.03 seconds.
[   28.400126] cloud-init[1392]: ci-info: no authorized ssh keys fingerprints found for user ubuntu.
[   28.400308] cloud-init[1392]: Cloud-init v. 17.1 finished at Sat, 10 Mar 2018 03:19:40 +0000. Datasource DataSourceNoCloud [seed=/dev/sdb][dsmode=net].  Up 28.38 seconds

Ubuntu 16.04.3 LTS ubuntu-xenial ttyS0

ubuntu-xenial login: 